#
# There is insufficient memory for the Java Runtime Environment to continue.
# Native memory allocation (malloc) failed to allocate 32784 bytes for Chunk::new
# Possible reasons:
#   The system is out of physical RAM or swap space
#   The process is running with CompressedOops enabled, and the Java Heap may be blocking the growth of the native heap
# Possible solutions:
#   Reduce memory load on the system
#   Increase physical memory or swap space
#   Check if swap backing store is full
#   Decrease Java heap size (-Xmx/-Xms)
#   Decrease number of Java threads
#   Decrease Java thread stack sizes (-Xss)
#   Set larger code cache with -XX:ReservedCodeCacheSize=
#   JVM is running with Unscaled Compressed Oops mode in which the Java heap is
#     placed in the first 4GB address space. The Java Heap base address is the
#     maximum limit for the native heap growth. Please use -XX:HeapBaseMinAddress
#     to set the Java Heap base and to place the Java Heap above 4GB virtual address.
# This output file may be truncated or incomplete.
#
#  Out of Memory Error (allocation.cpp:389), pid=20816, tid=0x0000000000001e24
#
# JRE version: Java(TM) SE Runtime Environment (8.0_361) (build 1.8.0_361-b09)
# Java VM: Java HotSpot(TM) 64-Bit Server VM (25.361-b09 mixed mode windows-amd64 compressed oops)
# Failed to write core dump. Minidumps are not enabled by default on client versions of Windows
#

---------------  T H R E A D  ---------------

Current thread (0x000001e5e7882000):  JavaThread "C2 CompilerThread1" daemon [_thread_in_native, id=7716, stack(0x0000009319700000,0x0000009319800000)]

Stack: [0x0000009319700000,0x0000009319800000]
Native frames: (J=compiled Java code, j=interpreted, Vv=VM code, C=native code)
V  [jvm.dll+0x3317a9]


Current CompileTask:
C2:   1418  714       4       java.math.BigInteger::multiplyToLen (216 bytes)


---------------  P R O C E S S  ---------------

Java Threads: ( => current thread )
  0x000001e5e880a000 JavaThread "ReaderThread" [_thread_in_native, id=10712, stack(0x0000009319b00000,0x0000009319c00000)]
  0x000001e5e7914800 JavaThread "Service Thread" daemon [_thread_blocked, id=9576, stack(0x0000009319900000,0x0000009319a00000)]
  0x000001e5e7895800 JavaThread "C1 CompilerThread2" daemon [_thread_blocked, id=19020, stack(0x0000009319800000,0x0000009319900000)]
=>0x000001e5e7882000 JavaThread "C2 CompilerThread1" daemon [_thread_in_native, id=7716, stack(0x0000009319700000,0x0000009319800000)]
  0x000001e5e787f800 JavaThread "C2 CompilerThread0" daemon [_thread_in_native, id=17904, stack(0x0000009319600000,0x0000009319700000)]
  0x000001e5e787b000 JavaThread "Attach Listener" daemon [_thread_blocked, id=14704, stack(0x0000009319500000,0x0000009319600000)]
  0x000001e5e787a000 JavaThread "Signal Dispatcher" daemon [_thread_blocked, id=17116, stack(0x0000009319400000,0x0000009319500000)]
  0x000001e5e785c000 JavaThread "Finalizer" daemon [_thread_blocked, id=15956, stack(0x0000009319300000,0x0000009319400000)]
  0x000001e5e711c000 JavaThread "Reference Handler" daemon [_thread_blocked, id=15348, stack(0x0000009319200000,0x0000009319300000)]
  0x000001e5d2480800 JavaThread "main" [_thread_blocked, id=6812, stack(0x0000009318c00000,0x0000009318d00000)]

Other Threads:
  0x000001e5e7832000 VMThread [stack: 0x0000009319100000,0x0000009319200000] [id=9340]
  0x000001e5e7950800 WatcherThread [stack: 0x0000009319a00000,0x0000009319b00000] [id=15176]

VM state:at safepoint (normal execution)

VM Mutex/Monitor currently owned by a thread:  ([mutex/lock_event])
[0x000001e5d247d500] Threads_lock - owner thread: 0x000001e5e7832000
[0x000001e5d247e990] Heap_lock - owner thread: 0x000001e5d2480800

heap address: 0x00000000a2c00000, size: 1492 MB, Compressed Oops mode: 32-bit
Narrow klass base: 0x0000000000000000, Narrow klass shift: 3
Compressed class space size: 1073741824 Address: 0x0000000100000000

Heap:
 PSYoungGen      total 28160K, used 3579K [0x00000000e0f00000, 0x00000000e2e00000, 0x0000000100000000)
  eden space 24576K, 0% used [0x00000000e0f00000,0x00000000e0f00000,0x00000000e2700000)
  from space 3584K, 99% used [0x00000000e2700000,0x00000000e2a7ed40,0x00000000e2a80000)
  to   space 3584K, 0% used [0x00000000e2a80000,0x00000000e2a80000,0x00000000e2e00000)
 ParOldGen       total 64512K, used 1058K [0x00000000a2c00000, 0x00000000a6b00000, 0x00000000e0f00000)
  object space 64512K, 1% used [0x00000000a2c00000,0x00000000a2d08968,0x00000000a6b00000)
 Metaspace       used 9184K, capacity 9320K, committed 9344K, reserved 1060864K
  class space    used 1082K, capacity 1134K, committed 1152K, reserved 1048576K

Card table byte_map: [0x000001e5e31a0000,0x000001e5e3490000] byte_map_base: 0x000001e5e2c8a000

Marking Bits: (ParMarkBitMap*) 0x00000000770fb090
 Begin Bits: [0x000001e5e3690000, 0x000001e5e4de0000)
 End Bits:   [0x000001e5e4de0000, 0x000001e5e6530000)

Polling page: 0x000001e5d2420000

CodeCache: size=245760Kb used=3235Kb max_used=3235Kb free=242524Kb
 bounds [0x000001e5d3de0000, 0x000001e5d4110000, 0x000001e5e2de0000]
 total_blobs=1177 nmethods=826 adapters=264
 compilation: enabled

Compilation events (10 events):
Event: 1.371 Thread 0x000001e5e7895800 nmethod 797 0x000001e5d4100010 code [0x000001e5d4100160, 0x000001e5d4100278]
Event: 1.378 Thread 0x000001e5e7895800  802       3       java.lang.ref.Reference::<init> (7 bytes)
Event: 1.379 Thread 0x000001e5e7895800 nmethod 802 0x000001e5d4101150 code [0x000001e5d41012c0, 0x000001e5d4101538]
Event: 1.379 Thread 0x000001e5e7895800  804   !   3       java.util.AbstractList$Itr::next (45 bytes)
Event: 1.379 Thread 0x000001e5e7895800 nmethod 804 0x000001e5d4101a10 code [0x000001e5d4101be0, 0x000001e5d4102240]
Event: 1.379 Thread 0x000001e5e7895800  805       3       java.util.AbstractList$Itr::checkForComodification (23 bytes)
Event: 1.379 Thread 0x000001e5e7895800 nmethod 805 0x000001e5d4102550 code [0x000001e5d41026c0, 0x000001e5d41028f0]
Event: 1.380 Thread 0x000001e5e7895800  811       3       java.lang.invoke.MemberName::testFlags (16 bytes)
Event: 1.380 Thread 0x000001e5e7895800 nmethod 811 0x000001e5d4102dd0 code [0x000001e5d4102f20, 0x000001e5d41030d8]
Event: 1.381 Thread 0x000001e5e7895800  812       3       jdk.internal.org.objectweb.asm.ByteVector::putUTF8 (142 bytes)

GC Heap History (0 events):
No events

Deoptimization events (7 events):
Event: 0.531 Thread 0x000001e5d2480800 Uncommon trap: reason=unstable_if action=reinterpret pc=0x000001e5d3f41cf8 method=java.lang.String.indexOf([CII[CIII)I @ 123
Event: 0.535 Thread 0x000001e5d2480800 Uncommon trap: reason=unstable_if action=reinterpret pc=0x000001e5d3f9dff8 method=sun.misc.URLClassPath.getLoader(I)Lsun/misc/URLClassPath$Loader; @ 36
Event: 0.535 Thread 0x000001e5d2480800 Uncommon trap: reason=unstable_if action=reinterpret pc=0x000001e5d3fa1950 method=sun.misc.URLClassPath.getLoader(I)Lsun/misc/URLClassPath$Loader; @ 36
Event: 0.680 Thread 0x000001e5d2480800 Uncommon trap: reason=unstable_if action=reinterpret pc=0x000001e5d3fcf5dc method=java.lang.String.indexOf([CII[CIII)I @ 3
Event: 1.098 Thread 0x000001e5d2480800 Uncommon trap: reason=unstable_if action=reinterpret pc=0x000001e5d3f408e8 method=java.lang.String.startsWith(Ljava/lang/String;I)Z @ 25
Event: 1.158 Thread 0x000001e5d2480800 Uncommon trap: reason=unstable_if action=reinterpret pc=0x000001e5d40922fc method=java.util.regex.Pattern$BmpCharProperty.match(Ljava/util/regex/Matcher;ILjava/lang/CharSequence;)Z @ 5
Event: 1.212 Thread 0x000001e5d2480800 Uncommon trap: reason=unstable_if action=reinterpret pc=0x000001e5d3fe3320 method=java.io.WinNTFileSystem.normalize(Ljava/lang/String;)Ljava/lang/String; @ 128

Classes redefined (0 events):
No events

Internal exceptions (10 events):
Event: 0.317 Thread 0x000001e5d2480800 Exception <a 'java/security/PrivilegedActionException'> (0x00000000e107fe38) thrown at [C:\jenkins\workspace\8-2-build-windows-x64-cygwin\jdk8u361\3183\hotspot\src\share\vm\prims\jvm.cpp, line 1513]
Event: 0.318 Thread 0x000001e5d2480800 Exception <a 'java/security/PrivilegedActionException'> (0x00000000e108cd68) thrown at [C:\jenkins\workspace\8-2-build-windows-x64-cygwin\jdk8u361\3183\hotspot\src\share\vm\prims\jvm.cpp, line 1513]
Event: 0.318 Thread 0x000001e5d2480800 Exception <a 'java/security/PrivilegedActionException'> (0x00000000e108cf78) thrown at [C:\jenkins\workspace\8-2-build-windows-x64-cygwin\jdk8u361\3183\hotspot\src\share\vm\prims\jvm.cpp, line 1513]
Event: 0.318 Thread 0x000001e5d2480800 Exception <a 'java/security/PrivilegedActionException'> (0x00000000e108df90) thrown at [C:\jenkins\workspace\8-2-build-windows-x64-cygwin\jdk8u361\3183\hotspot\src\share\vm\prims\jvm.cpp, line 1513]
Event: 0.318 Thread 0x000001e5d2480800 Exception <a 'java/security/PrivilegedActionException'> (0x00000000e108e1a0) thrown at [C:\jenkins\workspace\8-2-build-windows-x64-cygwin\jdk8u361\3183\hotspot\src\share\vm\prims\jvm.cpp, line 1513]
Event: 0.319 Thread 0x000001e5d2480800 Exception <a 'java/security/PrivilegedActionException'> (0x00000000e108f1f8) thrown at [C:\jenkins\workspace\8-2-build-windows-x64-cygwin\jdk8u361\3183\hotspot\src\share\vm\prims\jvm.cpp, line 1513]
Event: 0.319 Thread 0x000001e5d2480800 Exception <a 'java/security/PrivilegedActionException'> (0x00000000e108f408) thrown at [C:\jenkins\workspace\8-2-build-windows-x64-cygwin\jdk8u361\3183\hotspot\src\share\vm\prims\jvm.cpp, line 1513]
Event: 0.536 Thread 0x000001e5d2480800 Exception <a 'java/security/PrivilegedActionException'> (0x00000000e1576cf0) thrown at [C:\jenkins\workspace\8-2-build-windows-x64-cygwin\jdk8u361\3183\hotspot\src\share\vm\prims\jvm.cpp, line 1513]
Event: 0.536 Thread 0x000001e5d2480800 Exception <a 'java/security/PrivilegedActionException'> (0x00000000e15770e8) thrown at [C:\jenkins\workspace\8-2-build-windows-x64-cygwin\jdk8u361\3183\hotspot\src\share\vm\prims\jvm.cpp, line 1513]
Event: 1.033 Thread 0x000001e5d2480800 Exception <a 'java/lang/NoClassDefFoundError': org/apache/log4j/Priority> (0x00000000e1bc24d8) thrown at [C:\jenkins\workspace\8-2-build-windows-x64-cygwin\jdk8u361\3183\hotspot\src\share\vm\classfile\systemDictionary.cpp, line 201]

Events (10 events):
Event: 1.377 loading class jdk/internal/org/objectweb/asm/AnnotationVisitor done
Event: 1.377 loading class jdk/internal/org/objectweb/asm/AnnotationWriter done
Event: 1.377 loading class java/lang/invoke/MethodHandleImpl$Intrinsic
Event: 1.377 loading class java/lang/invoke/MethodHandleImpl$Intrinsic done
Event: 1.378 loading class java/lang/invoke/InvokerBytecodeGenerator$2
Event: 1.378 loading class java/lang/invoke/InvokerBytecodeGenerator$2 done
Event: 1.378 loading class sun/invoke/util/VerifyType
Event: 1.378 loading class sun/invoke/util/VerifyType done
Event: 1.378 loading class sun/invoke/empty/Empty
Event: 1.378 loading class sun/invoke/empty/Empty done


Dynamic libraries:
0x00007ff66d5a0000 - 0x00007ff66d5e7000 	C:\Program Files\Java\jre1.8.0_361\bin\javaw.exe
0x00007ff951400000 - 0x00007ff9515f0000 	C:\WINDOWS\SYSTEM32\ntdll.dll
0x00007ff951300000 - 0x00007ff9513b2000 	C:\WINDOWS\System32\KERNEL32.DLL
0x00007ff94e550000 - 0x00007ff94e7f5000 	C:\WINDOWS\System32\KERNELBASE.dll
0x00007ff9511f0000 - 0x00007ff951293000 	C:\WINDOWS\System32\ADVAPI32.dll
0x00007ff951150000 - 0x00007ff9511ee000 	C:\WINDOWS\System32\msvcrt.dll
0x00007ff94f970000 - 0x00007ff94fa07000 	C:\WINDOWS\System32\sechost.dll
0x00007ff950260000 - 0x00007ff95037f000 	C:\WINDOWS\System32\RPCRT4.dll
0x00007ff94fc50000 - 0x00007ff94fde4000 	C:\WINDOWS\System32\USER32.dll
0x00007ff94e3e0000 - 0x00007ff94e401000 	C:\WINDOWS\System32\win32u.dll
0x00007ff94f940000 - 0x00007ff94f966000 	C:\WINDOWS\System32\GDI32.dll
0x00007ff94e920000 - 0x00007ff94eab8000 	C:\WINDOWS\System32\gdi32full.dll
0x00007ff94f410000 - 0x00007ff94f4ae000 	C:\WINDOWS\System32\msvcp_win.dll
0x00007ff94e820000 - 0x00007ff94e91a000 	C:\WINDOWS\System32\ucrtbase.dll
0x00007ff941020000 - 0x00007ff9412a4000 	C:\WINDOWS\WinSxS\amd64_microsoft.windows.common-controls_6595b64144ccf1df_6.0.18362.1316_none_9e7a364fe461dbd7\COMCTL32.dll
0x00007ff94f600000 - 0x00007ff94f937000 	C:\WINDOWS\System32\combase.dll
0x00007ff94e410000 - 0x00007ff94e491000 	C:\WINDOWS\System32\bcryptPrimitives.dll
0x00007ff950380000 - 0x00007ff9503ae000 	C:\WINDOWS\System32\IMM32.DLL
0x00007ff92f280000 - 0x00007ff92f295000 	C:\Program Files\Java\jre1.8.0_361\bin\vcruntime140.dll
0x00007ff9236e0000 - 0x00007ff92377b000 	C:\Program Files\Java\jre1.8.0_361\bin\msvcp140.dll
0x0000000076910000 - 0x0000000077173000 	C:\Program Files\Java\jre1.8.0_361\bin\server\jvm.dll
0x00007ff951010000 - 0x00007ff951018000 	C:\WINDOWS\System32\PSAPI.DLL
0x00007ff94af50000 - 0x00007ff94af74000 	C:\WINDOWS\SYSTEM32\WINMM.dll
0x00007ff93f6a0000 - 0x00007ff93f6a9000 	C:\WINDOWS\SYSTEM32\WSOCK32.dll
0x00007ff946ba0000 - 0x00007ff946baa000 	C:\WINDOWS\SYSTEM32\VERSION.dll
0x00007ff950c50000 - 0x00007ff950cbf000 	C:\WINDOWS\System32\WS2_32.dll
0x00007ff94af20000 - 0x00007ff94af4d000 	C:\WINDOWS\SYSTEM32\winmmbase.dll
0x00007ff94f270000 - 0x00007ff94f2ba000 	C:\WINDOWS\System32\cfgmgr32.dll
0x00007ff94e2c0000 - 0x00007ff94e2d1000 	C:\WINDOWS\System32\kernel.appcore.dll
0x00007ff92f6a0000 - 0x00007ff92f6b0000 	C:\Program Files\Java\jre1.8.0_361\bin\verify.dll
0x00007ff915c40000 - 0x00007ff915c6b000 	C:\Program Files\Java\jre1.8.0_361\bin\java.dll
0x00007ff91f6d0000 - 0x00007ff91f6e8000 	C:\Program Files\Java\jre1.8.0_361\bin\zip.dll
0x00007ff9503e0000 - 0x00007ff950ac8000 	C:\WINDOWS\System32\SHELL32.dll
0x00007ff950ba0000 - 0x00007ff950c47000 	C:\WINDOWS\System32\shcore.dll
0x00007ff94eac0000 - 0x00007ff94f23b000 	C:\WINDOWS\System32\windows.storage.dll
0x00007ff94e2e0000 - 0x00007ff94e303000 	C:\WINDOWS\System32\profapi.dll
0x00007ff94e330000 - 0x00007ff94e37a000 	C:\WINDOWS\System32\powrprof.dll
0x00007ff94e2b0000 - 0x00007ff94e2c0000 	C:\WINDOWS\System32\UMPDC.dll
0x00007ff9512a0000 - 0x00007ff9512f2000 	C:\WINDOWS\System32\shlwapi.dll
0x00007ff94e800000 - 0x00007ff94e817000 	C:\WINDOWS\System32\cryptsp.dll
0x00007ff91e8d0000 - 0x00007ff91e8ec000 	C:\Program Files\Java\jre1.8.0_361\bin\net.dll
0x00007ff94da90000 - 0x00007ff94daf7000 	C:\WINDOWS\system32\mswsock.dll
0x00007ff94d7e0000 - 0x00007ff94d8ab000 	C:\WINDOWS\SYSTEM32\DNSAPI.dll
0x00007ff94f5f0000 - 0x00007ff94f5f8000 	C:\WINDOWS\System32\NSI.dll
0x00007ff94d7a0000 - 0x00007ff94d7da000 	C:\WINDOWS\SYSTEM32\IPHLPAPI.DLL
0x00007ff945d10000 - 0x00007ff945d1a000 	C:\Windows\System32\rasadhlp.dll
0x00007ff9485e0000 - 0x00007ff948657000 	C:\WINDOWS\System32\fwpuclnt.dll
0x00007ff94f240000 - 0x00007ff94f266000 	C:\WINDOWS\System32\bcrypt.dll
0x00007ff9126e0000 - 0x00007ff912704000 	C:\Program Files\Java\jre1.8.0_361\bin\sunec.dll
0x00007ff948800000 - 0x00007ff948816000 	C:\WINDOWS\SYSTEM32\dhcpcsvc6.DLL
0x00007ff9486e0000 - 0x00007ff9486fc000 	C:\WINDOWS\SYSTEM32\dhcpcsvc.DLL
0x00007ff91ce30000 - 0x00007ff91ce43000 	C:\Program Files\Java\jre1.8.0_361\bin\nio.dll

VM Arguments:
jvm_args: -ea -Dfile.encoding=Cp1252 
java_command: org.eclipse.jdt.internal.junit.runner.RemoteTestRunner -version 3 -port 49754 -testLoaderClass org.eclipse.jdt.internal.junit4.runner.JUnit4TestLoader -loaderpluginname org.eclipse.jdt.junit4.runtime -classNames TesteRegrasCadastro
java_class_path (initial): C:\Users\bryan.almeida\eclipse-workspace\CursoSelenium\target\test-classes;C:\Users\bryan.almeida\eclipse-workspace\CursoSelenium\target\classes;C:\Users\bryan.almeida\.m2\repository\org\seleniumhq\selenium\selenium-java\3.4.0\selenium-java-3.4.0.jar;C:\Users\bryan.almeida\.m2\repository\org\seleniumhq\selenium\selenium-api\3.4.0\selenium-api-3.4.0.jar;C:\Users\bryan.almeida\.m2\repository\org\seleniumhq\selenium\selenium-chrome-driver\3.4.0\selenium-chrome-driver-3.4.0.jar;C:\Users\bryan.almeida\.m2\repository\org\seleniumhq\selenium\selenium-edge-driver\3.4.0\selenium-edge-driver-3.4.0.jar;C:\Users\bryan.almeida\.m2\repository\org\seleniumhq\selenium\selenium-firefox-driver\3.4.0\selenium-firefox-driver-3.4.0.jar;C:\Users\bryan.almeida\.m2\repository\org\seleniumhq\selenium\selenium-ie-driver\3.4.0\selenium-ie-driver-3.4.0.jar;C:\Users\bryan.almeida\.m2\repository\org\seleniumhq\selenium\selenium-opera-driver\3.4.0\selenium-opera-driver-3.4.0.jar;C:\Users\bryan.almeida\.m2\repository\org\seleniumhq\selenium\selenium-remote-driver\3.4.0\selenium-remote-driver-3.4.0.jar;C:\Users\bryan.almeida\.m2\repository\org\seleniumhq\selenium\selenium-safari-driver\3.4.0\selenium-safari-driver-3.4.0.jar;C:\Users\bryan.almeida\.m2\repository\org\seleniumhq\selenium\selenium-support\3.4.0\selenium-support-3.4.0.jar;C:\Users\bryan.almeida\.m2\repository\cglib\cglib-nodep\3.2.4\cglib-nodep-3.2.4.jar;C:\Users\bryan.almeida\.m2\repository\org\apache\commons\commons-exec\1.3\commons-exec-1.3.jar;C:\Users\bryan.almeida\.m2\repository\org\apache\commons\commons-lang3\3.5\commons-lang3-3.5.jar;C:\Users\bryan.almeida\.m2\repository\commons-codec\commons-codec\1.10\commons-codec-1.10.jar;C:\Users\bryan.almeida\.m2\repository\commons-io\commons-io\2.5\commons-io-2.5.jar;C:\Users\bryan.almeida\.m2\repository\commons-logging\commons-logging\1.2\commons-logging-1.2.jar;C:\Users\bryan.almeida\.m2\repository\org\w3c\css\sac\1.3\sac-1.3.jar;C:\Users\bryan.almeida\.m2\
Launcher Type: SUN_STANDARD

Environment Variables:
PATH=C:/Program Files/Java/jre1.8.0_361/bin/server;C:/Program Files/Java/jre1.8.0_361/bin;C:/Program Files/Java/jre1.8.0_361/lib/amd64;C:\Users\bryan.almeida\Downloads\chromedriver;C:\Python311\;C:\Program Files (x86)\Common Files\Oracle\Java\javapath;C:\app\Diego\product\11.2.0\client_1\bin;C:\WINDOWS\system32;C:\WINDOWS;C:\WINDOWS\System32\Wbem;C:\WINDOWS\System32\WindowsPowerShell\v1.0\;C:\WINDOWS\System32\OpenSSH\;C:\Program Files\PuTTY\;C:\Program Files (x86)\WinSCP\;C:\PROGRA~2\Borland\Delphi6\Bin;C:\PROGRA~2\Borland\Delphi6\Projects\Bpl;C:\Program Files\nodejs\;C:\ProgramData\chocolatey\bin;C:\Users\bryan.almeida\AppData\Local\Microsoft\WindowsApps;C:\Users\bryan.almeida\AppData\Local\Programs\Microsoft VS Code\bin;C:\Users\bryan.almeida\AppData\Roaming\npm;;C:\eclipse-jee-2020-06-R-win32-x86_64\eclipse;
USERNAME=bryan.almeida
OS=Windows_NT
PROCESSOR_IDENTIFIER=Intel64 Family 6 Model 58 Stepping 9, GenuineIntel



---------------  S Y S T E M  ---------------

OS: Windows 10 , 64 bit Build 18362 (10.0.18362.1316)

CPU:total 4 (initial active 4) (4 cores per cpu, 1 threads per core) family 6 model 58 stepping 9, cmov, cx8, fxsr, mmx, sse, sse2, sse3, ssse3, sse4.1, sse4.2, popcnt, avx, aes, clmul, erms, tsc, tscinvbit, tscinv

Memory: 4k page, physical 6108972k(901988k free), swap 24983340k(4160k free)

vm_info: Java HotSpot(TM) 64-Bit Server VM (25.361-b09) for windows-amd64 JRE (1.8.0_361-b09), built on Jan  9 2023 08:38:53 by "java_re" with MS VC++ 15.9 (VS2017)

time: Tue Jun 20 12:23:52 2023
timezone: Hora Padrão de Buenos Aires
elapsed time: 1.421948 seconds (0d 0h 0m 1s)

